<?xml version="1.0" encoding="UTF-8"?>
<!-- Generated by org.testng.reporters.JUnitXMLReporter -->
<testsuite ignored="0" hostname="Ginas" failures="0" tests="3" name="Default test" time="84.744" errors="0" timestamp="2020-12-09T17:38:37 PST">
  <testcase classname="com.AutomationDemo.demoProject.TestClass1" name="TestCase1" time="6.382"/>
  <testcase classname="com.AutomationDemo.demoProject.TestClass1" name="TestCase2" time="4.771"/>
  <testcase classname="com.AutomationDemo.demoProject.TestClass1" name="TestCase3" time="6.768"/>
</testsuite> <!-- Default test -->
