<?xml version="1.0" encoding="UTF-8"?>
<!-- Generated by org.testng.reporters.JUnitXMLReporter -->
<testsuite ignored="0" hostname="Ginas" failures="0" tests="3" name="Test" time="42.731" errors="0" timestamp="2020-11-30T13:49:18 PST">
  <testcase classname="com.AutomationDemo.demoProject.TestClass1" name="TestCase1" time="5.556"/>
  <testcase classname="com.AutomationDemo.demoProject.TestClass1" name="TestCase2" time="5.987"/>
  <testcase classname="com.AutomationDemo.demoProject.TestClass1" name="TestCase3" time="5.862"/>
</testsuite> <!-- Test -->
