<?xml version="1.0" encoding="UTF-8"?>
<testng-results ignored="0" total="3" passed="3" failed="0" skipped="0">
  <reporter-output>
  </reporter-output>
  <suite started-at="2020-12-09T17:37:12 PST" name="Default suite" finished-at="2020-12-09T17:38:37 PST" duration-ms="84744">
    <groups>
    </groups>
    <test started-at="2020-12-09T17:37:12 PST" name="Default test" finished-at="2020-12-09T17:38:37 PST" duration-ms="84744">
      <class name="com.AutomationDemo.demoProject.TestClass1">
        <test-method is-config="true" signature="launchDriver()[pri:0, instance:com.AutomationDemo.demoProject.TestClass1@e1de817]" started-at="2020-12-09T17:37:12 PST" name="launchDriver" finished-at="2020-12-09T17:37:36 PST" duration-ms="23895" status="PASS">
          <reporter-output>
          </reporter-output>
        </test-method> <!-- launchDriver -->
        <test-method signature="TestCase1()[pri:0, instance:com.AutomationDemo.demoProject.TestClass1@e1de817]" started-at="2020-12-09T17:37:36 PST" name="TestCase1" finished-at="2020-12-09T17:37:43 PST" duration-ms="6382" status="PASS">
          <reporter-output>
          </reporter-output>
        </test-method> <!-- TestCase1 -->
        <test-method is-config="true" signature="quit()[pri:0, instance:com.AutomationDemo.demoProject.TestClass1@e1de817]" started-at="2020-12-09T17:37:43 PST" name="quit" finished-at="2020-12-09T17:37:44 PST" duration-ms="1219" status="PASS">
          <reporter-output>
          </reporter-output>
        </test-method> <!-- quit -->
        <test-method is-config="true" signature="launchDriver()[pri:0, instance:com.AutomationDemo.demoProject.TestClass1@e1de817]" started-at="2020-12-09T17:37:44 PST" name="launchDriver" finished-at="2020-12-09T17:37:57 PST" duration-ms="12944" status="PASS">
          <reporter-output>
          </reporter-output>
        </test-method> <!-- launchDriver -->
        <test-method signature="TestCase2()[pri:0, instance:com.AutomationDemo.demoProject.TestClass1@e1de817]" started-at="2020-12-09T17:37:57 PST" name="TestCase2" finished-at="2020-12-09T17:38:02 PST" duration-ms="4771" status="PASS">
          <reporter-output>
          </reporter-output>
        </test-method> <!-- TestCase2 -->
        <test-method is-config="true" signature="quit()[pri:0, instance:com.AutomationDemo.demoProject.TestClass1@e1de817]" started-at="2020-12-09T17:38:02 PST" name="quit" finished-at="2020-12-09T17:38:03 PST" duration-ms="1894" status="PASS">
          <reporter-output>
          </reporter-output>
        </test-method> <!-- quit -->
        <test-method is-config="true" signature="launchDriver()[pri:0, instance:com.AutomationDemo.demoProject.TestClass1@e1de817]" started-at="2020-12-09T17:38:03 PST" name="launchDriver" finished-at="2020-12-09T17:38:29 PST" duration-ms="25599" status="PASS">
          <reporter-output>
          </reporter-output>
        </test-method> <!-- launchDriver -->
        <test-method signature="TestCase3()[pri:0, instance:com.AutomationDemo.demoProject.TestClass1@e1de817]" started-at="2020-12-09T17:38:29 PST" name="TestCase3" finished-at="2020-12-09T17:38:36 PST" duration-ms="6768" status="PASS">
          <reporter-output>
          </reporter-output>
        </test-method> <!-- TestCase3 -->
        <test-method is-config="true" signature="quit()[pri:0, instance:com.AutomationDemo.demoProject.TestClass1@e1de817]" started-at="2020-12-09T17:38:36 PST" name="quit" finished-at="2020-12-09T17:38:37 PST" duration-ms="1157" status="PASS">
          <reporter-output>
          </reporter-output>
        </test-method> <!-- quit -->
      </class> <!-- com.AutomationDemo.demoProject.TestClass1 -->
    </test> <!-- Default test -->
  </suite> <!-- Default suite -->
</testng-results>
